<?xml version="1.0" encoding="UTF-8"?>
<testng-results skipped="0" failed="1" ignored="0" total="2" passed="1">
  <reporter-output>
  </reporter-output>
  <suite name="pdfEmailTest" duration-ms="25750" started-at="2020-01-04T10:20:42Z" finished-at="2020-01-04T10:21:07Z">
    <groups>
    </groups>
    <test name="SendPDFEmail" duration-ms="25750" started-at="2020-01-04T10:20:42Z" finished-at="2020-01-04T10:21:07Z">
      <class name="pdfEmailReport.ApplicationLogin">
        <test-method status="PASS" signature="registerToApplication()[pri:1, instance:pdfEmailReport.ApplicationLogin@50029372]" name="registerToApplication" duration-ms="15319" started-at="2020-01-04T15:50:42Z" finished-at="2020-01-04T15:50:58Z">
          <reporter-output>
          </reporter-output>
        </test-method> <!-- registerToApplication -->
        <test-method status="FAIL" signature="loginToApplication()[pri:2, instance:pdfEmailReport.ApplicationLogin@50029372]" name="loginToApplication" duration-ms="2375" started-at="2020-01-04T15:50:58Z" finished-at="2020-01-04T15:51:00Z">
          <exception class="java.lang.AssertionError">
            <message>
              <![CDATA[expected [http://www.gcrit.com/build3/index.php] but found [http://www.gcrit.com/build3/create_account.php]]]>
            </message>
            <full-stacktrace>
              <![CDATA[java.lang.AssertionError: expected [http://www.gcrit.com/build3/index.php] but found [http://www.gcrit.com/build3/create_account.php]
	at org.testng.Assert.fail(Assert.java:94)
	at org.testng.Assert.failNotEquals(Assert.java:513)
	at org.testng.Assert.assertEqualsImpl(Assert.java:135)
	at org.testng.Assert.assertEquals(Assert.java:116)
	at org.testng.Assert.assertEquals(Assert.java:190)
	at org.testng.Assert.assertEquals(Assert.java:200)
	at pdfEmailReport.ApplicationLogin.loginToApplication(ApplicationLogin.java:96)
	at sun.reflect.NativeMethodAccessorImpl.invoke0(Native Method)
	at sun.reflect.NativeMethodAccessorImpl.invoke(NativeMethodAccessorImpl.java:62)
	at sun.reflect.DelegatingMethodAccessorImpl.invoke(DelegatingMethodAccessorImpl.java:43)
	at java.lang.reflect.Method.invoke(Method.java:498)
	at org.testng.internal.MethodInvocationHelper.invokeMethod(MethodInvocationHelper.java:104)
	at org.testng.internal.Invoker.invokeMethod(Invoker.java:645)
	at org.testng.internal.Invoker.invokeTestMethod(Invoker.java:851)
	at org.testng.internal.Invoker.invokeTestMethods(Invoker.java:1177)
	at org.testng.internal.TestMethodWorker.invokeTestMethods(TestMethodWorker.java:129)
	at org.testng.internal.TestMethodWorker.run(TestMethodWorker.java:112)
	at org.testng.TestRunner.privateRun(TestRunner.java:756)
	at org.testng.TestRunner.run(TestRunner.java:610)
	at org.testng.SuiteRunner.runTest(SuiteRunner.java:387)
	at org.testng.SuiteRunner.runSequentially(SuiteRunner.java:382)
	at org.testng.SuiteRunner.privateRun(SuiteRunner.java:340)
	at org.testng.SuiteRunner.run(SuiteRunner.java:289)
	at org.testng.SuiteRunnerWorker.runSuite(SuiteRunnerWorker.java:52)
	at org.testng.SuiteRunnerWorker.run(SuiteRunnerWorker.java:86)
	at org.testng.TestNG.runSuitesSequentially(TestNG.java:1293)
	at org.testng.TestNG.runSuitesLocally(TestNG.java:1218)
	at org.testng.TestNG.runSuites(TestNG.java:1133)
	at org.testng.TestNG.run(TestNG.java:1104)
	at org.testng.remote.AbstractRemoteTestNG.run(AbstractRemoteTestNG.java:114)
	at org.testng.remote.RemoteTestNG.initAndRun(RemoteTestNG.java:251)
	at org.testng.remote.RemoteTestNG.main(RemoteTestNG.java:77)
]]>
            </full-stacktrace>
          </exception> <!-- java.lang.AssertionError -->
          <reporter-output>
          </reporter-output>
        </test-method> <!-- loginToApplication -->
        <test-method status="PASS" signature="tearDown()[pri:0, instance:pdfEmailReport.ApplicationLogin@50029372]" name="tearDown" is-config="true" duration-ms="5927" started-at="2020-01-04T15:51:02Z" finished-at="2020-01-04T15:51:07Z">
          <reporter-output>
          </reporter-output>
        </test-method> <!-- tearDown -->
      </class> <!-- pdfEmailReport.ApplicationLogin -->
    </test> <!-- SendPDFEmail -->
  </suite> <!-- pdfEmailTest -->
</testng-results>
