<?xml version="1.0" encoding="UTF-8"?>
<!-- Generated by org.testng.reporters.JUnitXMLReporter -->
<testsuite hostname="DESKTOP-PBV7T5P" ignored="0" name="SendPDFEmail" tests="2" failures="1" timestamp="04 Jan 2020 10:21:09 GMT" time="25.75" errors="0">
  <testcase name="registerToApplication" time="15.319" classname="pdfEmailReport.ApplicationLogin"/>
  <testcase name="loginToApplication" time="2.375" classname="pdfEmailReport.ApplicationLogin">
    <failure type="java.lang.AssertionError" message="expected [http://www.gcrit.com/build3/index.php] but found [http://www.gcrit.com/build3/create_account.php]">
      <![CDATA[java.lang.AssertionError: expected [http://www.gcrit.com/build3/index.php] but found [http://www.gcrit.com/build3/create_account.php]
	at pdfEmailReport.ApplicationLogin.loginToApplication(ApplicationLogin.java:96)
... Removed 31 stack frames]]>
    </failure>
  </testcase> <!-- loginToApplication -->
</testsuite> <!-- SendPDFEmail -->
